{
  "stats": {
    "suites": 2,
    "tests": 2,
    "passes": 2,
    "pending": 0,
    "failures": 0,
    "start": "2022-11-09T02:20:40.985Z",
    "end": "2022-11-09T02:21:58.986Z",
    "duration": 78001,
    "testsRegistered": 2,
    "passPercent": 100,
    "pendingPercent": 0,
    "other": 0,
    "hasOther": false,
    "skipped": 0,
    "hasSkipped": false
  },
  "results": [
    {
      "uuid": "6ffff68b-0ccc-4f76-ae79-43174ba17e9e",
      "title": "",
      "fullFile": "cypress\\e2e\\login\\teste01Amcom.cy.js",
      "file": "cypress\\e2e\\login\\teste01Amcom.cy.js",
      "beforeHooks": [],
      "afterHooks": [],
      "tests": [],
      "suites": [
        {
          "uuid": "fdbe7008-247b-4861-a546-89b6c1f646b1",
          "title": "Listar estudantes",
          "fullFile": "",
          "file": "",
          "beforeHooks": [],
          "afterHooks": [],
          "tests": [
            {
              "title": "Deve validar se está visível nome da primeira estudante 'AGATHA SARA CAMILO DUARTE' após selecionar período '18/09/2022 - 23/09/2022'",
              "fullTitle": "Listar estudantes Deve validar se está visível nome da primeira estudante 'AGATHA SARA CAMILO DUARTE' após selecionar período '18/09/2022 - 23/09/2022'",
              "timedOut": null,
              "duration": 55302,
              "state": "passed",
              "speed": "slow",
              "pass": true,
              "fail": false,
              "pending": false,
              "context": null,
              "code": "cy.login(data.usuario, data.senha);\ncy.diarioListao(data.confTimeOut, data.dataPeriodo);",
              "err": {},
              "uuid": "390bf59e-55f5-46ad-b9ff-70d34a160e53",
              "parentUUID": "fdbe7008-247b-4861-a546-89b6c1f646b1",
              "isHook": false,
              "skipped": false
            }
          ],
          "suites": [],
          "passes": [
            "390bf59e-55f5-46ad-b9ff-70d34a160e53"
          ],
          "failures": [],
          "pending": [],
          "skipped": [],
          "duration": 55302,
          "root": false,
          "rootEmpty": false,
          "_timeout": 2000
        },
        {
          "uuid": "a91a58af-df3a-445e-b5e5-b293ddab638b",
          "title": "Trocar perfil",
          "fullFile": "",
          "file": "",
          "beforeHooks": [],
          "afterHooks": [],
          "tests": [
            {
              "title": "Deve alterar perfil \"Professor\" para perfil \"Professor\" CJ com sucesso",
              "fullTitle": "Trocar perfil Deve alterar perfil \"Professor\" para perfil \"Professor\" CJ com sucesso",
              "timedOut": null,
              "duration": 20224,
              "state": "passed",
              "speed": "slow",
              "pass": true,
              "fail": false,
              "pending": false,
              "context": null,
              "code": "cy.login(data.usuario, data.senha);\ncy.wait(data.confTimeOut);\ncy.get(\"#SGP_MENU_PERFIL_BUTTON_EXPANDIR_RETRAIR_PERFIL\").click();\ncy.get('[style=\"width: 100%; font-weight: initial;\"]').click();\ncy.get(\"#SGP_MENU_PERFIL_BUTTON_EXPANDIR_RETRAIR_PERFIL\").should(\"contain\", \"Professor CJ\");",
              "err": {},
              "uuid": "d0512d31-8262-4b8e-be8f-da6de974f289",
              "parentUUID": "a91a58af-df3a-445e-b5e5-b293ddab638b",
              "isHook": false,
              "skipped": false
            }
          ],
          "suites": [],
          "passes": [
            "d0512d31-8262-4b8e-be8f-da6de974f289"
          ],
          "failures": [],
          "pending": [],
          "skipped": [],
          "duration": 20224,
          "root": false,
          "rootEmpty": false,
          "_timeout": 2000
        }
      ],
      "passes": [],
      "failures": [],
      "pending": [],
      "skipped": [],
      "duration": 0,
      "root": true,
      "rootEmpty": true,
      "_timeout": 2000
    }
  ],
  "meta": {
    "mocha": {
      "version": "7.0.1"
    },
    "mochawesome": {
      "options": {
        "quiet": false,
        "reportFilename": "mochawesome",
        "saveHtml": true,
        "saveJson": true,
        "consoleReporter": "spec",
        "useInlineDiffs": false,
        "code": true
      },
      "version": "7.1.3"
    },
    "marge": {
      "options": {
        "reportDir": "cypress/results",
        "overwrite": false,
        "html": true,
        "json": true
      },
      "version": "6.2.0"
    }
  }
}